# JRE version: Java(TM) SE Runtime Environment (8.0_102-b14) (build 1.8.0_102-b14)
# Java VM: Java HotSpot(TM) 64-Bit Server VM (25.102-b14 mixed mode windows-amd64 compressed oops)
Heap:
 PSYoungGen      total 663040K, used 276904K [0x00000000d5580000, 0x0000000100000000, 0x0000000100000000)
  eden space 631296K, 43% used [0x00000000d5580000,0x00000000e63ea270,0x00000000fbe00000)
  from space 31744K, 0% used [0x00000000fe100000,0x00000000fe100000,0x0000000100000000)
  to   space 33792K, 0% used [0x00000000fbe00000,0x00000000fbe00000,0x00000000fdf00000)
 ParOldGen       total 108032K, used 57975K [0x0000000080000000, 0x0000000086980000, 0x00000000d5580000)
  object space 108032K, 53% used [0x0000000080000000,0x000000008389dfc0,0x0000000086980000)
 Metaspace       used 59400K, capacity 63510K, committed 63744K, reserved 1103872K
  class space    used 7773K, capacity 8581K, committed 8704K, reserved 1048576K
GC Heap History (10 events):
Event: 803.554 GC heap before
{Heap before GC invocations=16 (full 5):
 PSYoungGen      total 482304K, used 9746K [0x00000000d5580000, 0x0000000100000000, 0x0000000100000000)
  eden space 453120K, 0% used [0x00000000d5580000,0x00000000d5580000,0x00000000f1000000)
  from space 29184K, 33% used [0x00000000f1000000,0x00000000f1984bd0,0x00000000f2c80000)
  to   space 28672K, 0% used [0x00000000fe400000,0x00000000fe400000,0x0000000100000000)
 ParOldGen       total 108032K, used 42668K [0x0000000080000000, 0x0000000086980000, 0x00000000d5580000)
  object space 108032K, 39% used [0x0000000080000000,0x00000000829ab290,0x0000000086980000)
 Metaspace       used 54807K, capacity 57362K, committed 57600K, reserved 1099776K
  class space    used 7281K, capacity 7879K, committed 7936K, reserved 1048576K
Event: 804.627 GC heap after
Heap after GC invocations=16 (full 5):
 PSYoungGen      total 482304K, used 0K [0x00000000d5580000, 0x0000000100000000, 0x0000000100000000)
  eden space 453120K, 0% used [0x00000000d5580000,0x00000000d5580000,0x00000000f1000000)
  from space 29184K, 0% used [0x00000000f1000000,0x00000000f1000000,0x00000000f2c80000)
  to   space 28672K, 0% used [0x00000000fe400000,0x00000000fe400000,0x0000000100000000)
 ParOldGen       total 108032K, used 51300K [0x0000000080000000, 0x0000000086980000, 0x00000000d5580000)
  object space 108032K, 47% used [0x0000000080000000,0x0000000083219228,0x0000000086980000)
 Metaspace       used 54755K, capacity 57186K, committed 57600K, reserved 1099776K
  class space    used 7266K, capacity 7863K, committed 7936K, reserved 1048576K
}
Event: 861.153 GC heap before
{Heap before GC invocations=17 (full 5):
 PSYoungGen      total 482304K, used 453120K [0x00000000d5580000, 0x0000000100000000, 0x0000000100000000)
  eden space 453120K, 100% used [0x00000000d5580000,0x00000000f1000000,0x00000000f1000000)
  from space 29184K, 0% used [0x00000000f1000000,0x00000000f1000000,0x00000000f2c80000)
  to   space 28672K, 0% used [0x00000000fe400000,0x00000000fe400000,0x0000000100000000)
 ParOldGen       total 108032K, used 51300K [0x0000000080000000, 0x0000000086980000, 0x00000000d5580000)
  object space 108032K, 47% used [0x0000000080000000,0x0000000083219228,0x0000000086980000)
 Metaspace       used 56829K, capacity 59708K, committed 59904K, reserved 1101824K
  class space    used 7525K, capacity 8188K, committed 8192K, reserved 1048576K
Event: 861.174 GC heap after
Heap after GC invocations=17 (full 5):
 PSYoungGen      total 667136K, used 22025K [0x00000000d5580000, 0x0000000100000000, 0x0000000100000000)
  eden space 638464K, 0% used [0x00000000d5580000,0x00000000d5580000,0x00000000fc500000)
  from space 28672K, 76% used [0x00000000fe400000,0x00000000ff9826a0,0x0000000100000000)
  to   space 30208K, 0% used [0x00000000fc500000,0x00000000fc500000,0x00000000fe280000)
 ParOldGen       total 108032K, used 51308K [0x0000000080000000, 0x0000000086980000, 0x00000000d5580000)
  object space 108032K, 47% used [0x0000000080000000,0x000000008321b228,0x0000000086980000)
 Metaspace       used 56829K, capacity 59708K, committed 59904K, reserved 1101824K
  class space    used 7525K, capacity 8188K, committed 8192K, reserved 1048576K
}
Event: 1000.853 GC heap before
{Heap before GC invocations=18 (full 5):
 PSYoungGen      total 667136K, used 660489K [0x00000000d5580000, 0x0000000100000000, 0x0000000100000000)
  eden space 638464K, 100% used [0x00000000d5580000,0x00000000fc500000,0x00000000fc500000)
  from space 28672K, 76% used [0x00000000fe400000,0x00000000ff9826a0,0x0000000100000000)
  to   space 30208K, 0% used [0x00000000fc500000,0x00000000fc500000,0x00000000fe280000)
 ParOldGen       total 108032K, used 51308K [0x0000000080000000, 0x0000000086980000, 0x00000000d5580000)
  object space 108032K, 47% used [0x0000000080000000,0x000000008321b228,0x0000000086980000)
 Metaspace       used 58274K, capacity 61746K, committed 61952K, reserved 1103872K
  class space    used 7639K, capacity 8371K, committed 8448K, reserved 1048576K
Event: 1000.882 GC heap after
Heap after GC invocations=18 (full 5):
 PSYoungGen      total 667136K, used 28407K [0x00000000d5580000, 0x0000000100000000, 0x0000000100000000)
  eden space 638464K, 0% used [0x00000000d5580000,0x00000000d5580000,0x00000000fc500000)
  from space 28672K, 99% used [0x00000000fc500000,0x00000000fe0bdf80,0x00000000fe100000)
  to   space 31744K, 0% used [0x00000000fe100000,0x00000000fe100000,0x0000000100000000)
 ParOldGen       total 108032K, used 53840K [0x0000000080000000, 0x0000000086980000, 0x00000000d5580000)
  object space 108032K, 49% used [0x0000000080000000,0x00000000834942f8,0x0000000086980000)
 Metaspace       used 58274K, capacity 61746K, committed 61952K, reserved 1103872K
  class space    used 7639K, capacity 8371K, committed 8448K, reserved 1048576K
}
Event: 1008.328 GC heap before
{Heap before GC invocations=19 (full 5):
 PSYoungGen      total 667136K, used 195388K [0x00000000d5580000, 0x0000000100000000, 0x0000000100000000)
  eden space 638464K, 26% used [0x00000000d5580000,0x00000000df8913a0,0x00000000fc500000)
  from space 28672K, 99% used [0x00000000fc500000,0x00000000fe0bdf80,0x00000000fe100000)
  to   space 31744K, 0% used [0x00000000fe100000,0x00000000fe100000,0x0000000100000000)
 ParOldGen       total 108032K, used 53840K [0x0000000080000000, 0x0000000086980000, 0x00000000d5580000)
  object space 108032K, 49% used [0x0000000080000000,0x00000000834942f8,0x0000000086980000)
 Metaspace       used 59029K, capacity 62952K, committed 63104K, reserved 1103872K
  class space    used 7751K, capacity 8556K, committed 8576K, reserved 1048576K
Event: 1008.336 GC heap after
Heap after GC invocations=19 (full 5):
 PSYoungGen      total 663040K, used 6673K [0x00000000d5580000, 0x0000000100000000, 0x0000000100000000)
  eden space 631296K, 0% used [0x00000000d5580000,0x00000000d5580000,0x00000000fbe00000)
  from space 31744K, 21% used [0x00000000fe100000,0x00000000fe7847c0,0x0000000100000000)
  to   space 33792K, 0% used [0x00000000fbe00000,0x00000000fbe00000,0x00000000fdf00000)
 ParOldGen       total 108032K, used 55833K [0x0000000080000000, 0x0000000086980000, 0x00000000d5580000)
  object space 108032K, 51% used [0x0000000080000000,0x0000000083686420,0x0000000086980000)
 Metaspace       used 59029K, capacity 62952K, committed 63104K, reserved 1103872K
  class space    used 7751K, capacity 8556K, committed 8576K, reserved 1048576K
}
Event: 1008.336 GC heap before
{Heap before GC invocations=20 (full 6):
 PSYoungGen      total 663040K, used 6673K [0x00000000d5580000, 0x0000000100000000, 0x0000000100000000)
  eden space 631296K, 0% used [0x00000000d5580000,0x00000000d5580000,0x00000000fbe00000)
  from space 31744K, 21% used [0x00000000fe100000,0x00000000fe7847c0,0x0000000100000000)
  to   space 33792K, 0% used [0x00000000fbe00000,0x00000000fbe00000,0x00000000fdf00000)
 ParOldGen       total 108032K, used 55833K [0x0000000080000000, 0x0000000086980000, 0x00000000d5580000)
  object space 108032K, 51% used [0x0000000080000000,0x0000000083686420,0x0000000086980000)
 Metaspace       used 59029K, capacity 62952K, committed 63104K, reserved 1103872K
  class space    used 7751K, capacity 8556K, committed 8576K, reserved 1048576K
Event: 1008.729 GC heap after
Heap after GC invocations=20 (full 6):
 PSYoungGen      total 663040K, used 0K [0x00000000d5580000, 0x0000000100000000, 0x0000000100000000)
  eden space 631296K, 0% used [0x00000000d5580000,0x00000000d5580000,0x00000000fbe00000)
  from space 31744K, 0% used [0x00000000fe100000,0x00000000fe100000,0x0000000100000000)
  to   space 33792K, 0% used [0x00000000fbe00000,0x00000000fbe00000,0x00000000fdf00000)
 ParOldGen       total 108032K, used 57975K [0x0000000080000000, 0x0000000086980000, 0x00000000d5580000)
  object space 108032K, 53% used [0x0000000080000000,0x000000008389dfc0,0x0000000086980000)
 Metaspace       used 58881K, capacity 62490K, committed 63104K, reserved 1103872K
  class space    used 7707K, capacity 8510K, committed 8576K, reserved 1048576K
}

